Mplus VERSION 8.3 DEMO (Mac)
MUTHEN & MUTHEN
07/17/2019   1:39 AM

INPUT INSTRUCTIONS

  Title: Mixture modeling: 2 latent classes
  Data: File is CRQA_ENT_dl_Mplus.dat;
  Variable: Names are id y1 y2 y3 y4 y5 y6;
    IDVARIABLE = id;
  Usevariables are y1 y2 y3 y4 y5 y6;
  Classes = c(2);
  Analysis: Type = mixture;
  starts 100 5;
  Model:

  %overall%
  i s | y1@0 y2 y3 y4 y5 y6;
  i-s@0

  Output: TECH11;
  PLOT:
  TYPE = PLOT3;
  series = y1 y2 y3 y4 y5 y6 (*);
  Savedata:
    file is ENT_2cl.txt;
    save is cprob;
    format is free;



*** WARNING in MODEL command
  All continuous latent variable covariances involving I have been fixed to 0
  because the variance of I is fixed at 0.
   1 WARNING(S) FOUND IN THE INPUT INSTRUCTIONS



Mixture modeling: 2 latent classes

SUMMARY OF ANALYSIS

Number of groups                                                 1
Number of observations                                          41

Number of dependent variables                                    6
Number of independent variables                                  0
Number of continuous latent variables                            2
Number of categorical latent variables                           1

Observed dependent variables

  Continuous
   Y1          Y2          Y3          Y4          Y5          Y6

Continuous latent variables
   I           S

Categorical latent variables
   C

Variables with special functions

  ID variable           ID

Estimator                                                      MLR
Information matrix                                        OBSERVED
Optimization Specifications for the Quasi-Newton Algorithm for
Continuous Outcomes
  Maximum number of iterations                                 100
  Convergence criterion                                  0.100D-05
Optimization Specifications for the EM Algorithm
  Maximum number of iterations                                 500
  Convergence criteria
    Loglikelihood change                                 0.100D-06
    Relative loglikelihood change                        0.100D-06
    Derivative                                           0.100D-05
Optimization Specifications for the M step of the EM Algorithm for
Categorical Latent variables
  Number of M step iterations                                    1
  M step convergence criterion                           0.100D-05
  Basis for M step termination                           ITERATION
Optimization Specifications for the M step of the EM Algorithm for
Censored, Binary or Ordered Categorical (Ordinal), Unordered
Categorical (Nominal) and Count Outcomes
  Number of M step iterations                                    1
  M step convergence criterion                           0.100D-05
  Basis for M step termination                           ITERATION
  Maximum value for logit thresholds                            15
  Minimum value for logit thresholds                           -15
  Minimum expected cell size for chi-square              0.100D-01
Optimization algorithm                                         EMA
Random Starts Specifications
  Number of initial stage random starts                        100
  Number of final stage optimizations                            5
  Number of initial stage iterations                            10
  Initial stage convergence criterion                    0.100D+01
  Random starts scale                                    0.500D+01
  Random seed for generating random starts                       0

Input data file(s)
  CRQA_ENT_dl_Mplus.dat
Input data format  FREE



UNIVARIATE SAMPLE STATISTICS


     UNIVARIATE HIGHER-ORDER MOMENT DESCRIPTIVE STATISTICS

         Variable/         Mean/     Skewness/   Minimum/ % with                Percentiles
        Sample Size      Variance    Kurtosis    Maximum  Min/Max      20%/60%    40%/80%    Median

     Y1                    3.239       0.054       1.746    2.44%       2.445      2.816      3.118
              41.000       0.575      -1.167       4.261   14.63%       3.389      4.232
     Y2                    3.275      -0.470       0.675    2.44%       2.449      2.742      3.285
              41.000       0.928      -0.683       4.261   17.07%       4.202      4.246
     Y3                    3.058      -0.918       0.000    2.44%       2.154      3.004      3.226
              41.000       1.163       0.465       4.261    7.32%       3.444      4.232
     Y4                    3.324      -0.391       0.912    2.44%       2.510      2.894      3.107
              41.000       0.733      -0.583       4.261   12.20%       3.986      4.246
     Y5                    3.127      -0.052       1.238    2.44%       2.391      2.748      3.017
              41.000       0.694      -0.903       4.261    7.32%       3.343      4.246
     Y6                    3.323      -0.109       1.872    2.44%       2.481      2.829      3.253
              41.000       0.674      -1.445       4.261    7.32%       3.526      4.246

RANDOM STARTS RESULTS RANKED FROM THE BEST TO THE WORST LOGLIKELIHOOD VALUES

Final stage loglikelihood values at local maxima, seeds, and initial stage start numbers:

            -298.621  650371           14
            -298.621  957392           79
            -298.621  436460           89
            -298.621  967237           48
            -298.621  107446           12



THE BEST LOGLIKELIHOOD VALUE HAS BEEN REPLICATED.  RERUN WITH AT LEAST TWICE THE
RANDOM STARTS TO CHECK THAT THE BEST LOGLIKELIHOOD IS STILL OBTAINED AND REPLICATED.

     ONE OR MORE PARAMETERS WERE FIXED TO AVOID SINGULARITY OF THE
     INFORMATION MATRIX. THE SINGULARITY IS MOST LIKELY BECAUSE THE
     MODEL IS NOT IDENTIFIED, OR BECAUSE OF EMPTY CELLS IN THE JOINT
     DISTRIBUTION OF THE CATEGORICAL VARIABLES IN THE MODEL.
     THE FOLLOWING PARAMETERS WERE FIXED:
     Parameter 15, %C#2%: [ S ]


THE MODEL ESTIMATION TERMINATED NORMALLY



MODEL FIT INFORMATION

Number of Free Parameters                       16

Loglikelihood

          H0 Value                        -298.621
          H0 Scaling Correction Factor      1.1984
            for MLR

Information Criteria

          Akaike (AIC)                     629.241
          Bayesian (BIC)                   656.658
          Sample-Size Adjusted BIC         606.571
            (n* = (n + 2) / 24)



FINAL CLASS COUNTS AND PROPORTIONS FOR THE LATENT CLASSES
BASED ON THE ESTIMATED MODEL

    Latent
   Classes

       1         20.54733          0.50115
       2         20.45267          0.49885


FINAL CLASS COUNTS AND PROPORTIONS FOR THE LATENT CLASSES
BASED ON ESTIMATED POSTERIOR PROBABILITIES

    Latent
   Classes

       1         20.54733          0.50115
       2         20.45267          0.49885


FINAL CLASS COUNTS AND PROPORTIONS FOR THE LATENT CLASSES
BASED ON THEIR MOST LIKELY LATENT CLASS MEMBERSHIP

Class Counts and Proportions

    Latent
   Classes

       1               20          0.48780
       2               21          0.51220


CLASSIFICATION QUALITY

     Entropy                         0.951


Average Latent Class Probabilities for Most Likely Latent Class Membership (Row)
by Latent Class (Column)

           1        2

    1   0.999    0.001
    2   0.027    0.973


Classification Probabilities for the Most Likely Latent Class Membership (Column)
by Latent Class (Row)

           1        2

    1   0.972    0.028
    2   0.001    0.999


Logits for the Classification Probabilities for the Most Likely Latent Class Membership (Column)
by Latent Class (Row)

              1        2

    1      3.561    0.000
    2     -6.926    0.000


MODEL RESULTS

                                                    Two-Tailed
                    Estimate       S.E.  Est./S.E.    P-Value

Latent Class 1

 I        |
    Y1                 1.000      0.000    999.000    999.000
    Y2                 1.000      0.000    999.000    999.000
    Y3                 1.000      0.000    999.000    999.000
    Y4                 1.000      0.000    999.000    999.000
    Y5                 1.000      0.000    999.000    999.000
    Y6                 1.000      0.000    999.000    999.000

 S        |
    Y1                 0.000      0.000    999.000    999.000
    Y2               -47.666     15.768     -3.023      0.003
    Y3               -21.740     19.554     -1.112      0.266
    Y4               -14.820     12.520     -1.184      0.237
    Y5               -15.495     17.405     -0.890      0.373
    Y6                -4.267     12.893     -0.331      0.741

 Means
    I                  3.409      0.138     24.745      0.000
    S                 -0.014      0.008     -1.851      0.064

 Intercepts
    Y1                 0.000      0.000    999.000    999.000
    Y2                 0.000      0.000    999.000    999.000
    Y3                 0.000      0.000    999.000    999.000
    Y4                 0.000      0.000    999.000    999.000
    Y5                 0.000      0.000    999.000    999.000
    Y6                 0.000      0.000    999.000    999.000

 Variances
    I                  0.000      0.000    999.000    999.000
    S                  0.000      0.000    999.000    999.000

 Residual Variances
    Y1                 0.544      0.077      7.040      0.000
    Y2                 0.215      0.146      1.472      0.141
    Y3                 0.958      0.231      4.143      0.000
    Y4                 0.594      0.134      4.427      0.000
    Y5                 0.548      0.108      5.054      0.000
    Y6                 0.626      0.084      7.492      0.000

Latent Class 2

 I        |
    Y1                 1.000      0.000    999.000    999.000
    Y2                 1.000      0.000    999.000    999.000
    Y3                 1.000      0.000    999.000    999.000
    Y4                 1.000      0.000    999.000    999.000
    Y5                 1.000      0.000    999.000    999.000
    Y6                 1.000      0.000    999.000    999.000

 S        |
    Y1                 0.000      0.000    999.000    999.000
    Y2               -47.666     15.768     -3.023      0.003
    Y3               -21.740     19.554     -1.112      0.266
    Y4               -14.820     12.520     -1.184      0.237
    Y5               -15.495     17.405     -0.890      0.373
    Y6                -4.267     12.893     -0.331      0.741

 Means
    I                  3.053      0.156     19.527      0.000
    S                  0.014      0.000    999.000    999.000

 Intercepts
    Y1                 0.000      0.000    999.000    999.000
    Y2                 0.000      0.000    999.000    999.000
    Y3                 0.000      0.000    999.000    999.000
    Y4                 0.000      0.000    999.000    999.000
    Y5                 0.000      0.000    999.000    999.000
    Y6                 0.000      0.000    999.000    999.000

 Variances
    I                  0.000      0.000    999.000    999.000
    S                  0.000      0.000    999.000    999.000

 Residual Variances
    Y1                 0.544      0.077      7.040      0.000
    Y2                 0.215      0.146      1.472      0.141
    Y3                 0.958      0.231      4.143      0.000
    Y4                 0.594      0.134      4.427      0.000
    Y5                 0.548      0.108      5.054      0.000
    Y6                 0.626      0.084      7.492      0.000

Categorical Latent Variables

 Means
    C#1                0.005      0.341      0.014      0.989


QUALITY OF NUMERICAL RESULTS

     Condition Number for the Information Matrix              0.106E-06
       (ratio of smallest to largest eigenvalue)


TECHNICAL 11 OUTPUT

     Random Starts Specifications for the k-1 Class Analysis Model
        Number of initial stage random starts                 100
        Number of final stage optimizations                     5



     VUONG-LO-MENDELL-RUBIN LIKELIHOOD RATIO TEST FOR 1 (H0) VERSUS 2 CLASSES

          H0 Loglikelihood Value                         -317.355
          2 Times the Loglikelihood Difference             37.469
          Difference in the Number of Parameters                3
          Mean                                             57.173
          Standard Deviation                               73.809
          P-Value                                          0.4484

     LO-MENDELL-RUBIN ADJUSTED LRT TEST

          Value                                            34.382
          P-Value                                          0.4734


SAMPLE STATISTICS FOR ESTIMATED FACTOR SCORES


     SAMPLE STATISTICS


           Means
              I             S             C_I           C_S
              ________      ________      ________      ________
                3.232         0.000         3.227         0.000


           Covariances
              I             S             C_I           C_S
              ________      ________      ________      ________
 I              0.030
 S             -0.002         0.000
 C_I            0.031        -0.002         0.032
 C_S           -0.002         0.000        -0.002         0.000


           Correlations
              I             S             C_I           C_S
              ________      ________      ________      ________
 I              1.000
 S             -1.000         1.000
 C_I            0.990        -0.990         1.000
 C_S           -0.990         0.990        -1.000         1.000


PLOT INFORMATION

The following plots are available:

  Histograms (sample values, estimated factor scores, estimated values, residuals)
  Scatterplots (sample values, estimated factor scores, estimated values, residuals)
  Sample means
  Estimated means, medians, modes, and percentiles
  Sample and estimated means
  Latent variable distribution plots
  Observed individual values
  Estimated individual values
  Estimated means and observed individual values
  Estimated means and estimated individual values
  Estimated overall and class-specific distributions

SAVEDATA INFORMATION


  Save file
    ENT_2cl.txt

  Order of variables

    Y1
    Y2
    Y3
    Y4
    Y5
    Y6
    I
    S
    C_I
    C_S
    CPROB1
    CPROB2
    C
    ID

  Save file format           Free

  Save file record length    10000


     Beginning Time:  01:39:31
        Ending Time:  01:39:31
       Elapsed Time:  00:00:00


Mplus VERSION 8.3 DEMO (Mac) has the following limitations:
  Maximum number of dependent variables: 6
  Maximum number of independent variables: 2
  Maximum number of between variables: 2
  Maximum number of continuous latent variables in time series analysis: 2


MUTHEN & MUTHEN
3463 Stoner Ave.
Los Angeles, CA  90066

Tel: (310) 391-9971
Fax: (310) 391-8971
Web: www.StatModel.com
Support: Support@StatModel.com

Copyright (c) 1998-2019 Muthen & Muthen
